<?xml version="1.0" encoding="UTF-8"?>
<coverage generated="1678797373010" clover="3.2.0">
  <project timestamp="1678797373010" name="All files">
    <metrics statements="12" coveredstatements="12" conditionals="8" coveredconditionals="8" methods="6" coveredmethods="6" elements="26" coveredelements="26" complexity="0" loc="12" ncloc="12" packages="1" files="2" classes="2"/>
    <file name="randomNumber.ts" path="/Users/sb/dev/repositories/testing/01-unit-testing/src/randomNumber.ts">
      <metrics statements="3" coveredstatements="3" conditionals="2" coveredconditionals="2" methods="2" coveredmethods="2"/>
      <line num="1" count="1" type="cond" truecount="1" falsecount="0"/>
      <line num="2" count="11" type="stmt"/>
      <line num="3" count="11" type="cond" truecount="1" falsecount="0"/>
    </file>
    <file name="sum.ts" path="/Users/sb/dev/repositories/testing/01-unit-testing/src/sum.ts">
      <metrics statements="9" coveredstatements="9" conditionals="6" coveredconditionals="6" methods="4" coveredmethods="4"/>
      <line num="1" count="1" type="stmt"/>
      <line num="2" count="1" type="cond" truecount="1" falsecount="0"/>
      <line num="3" count="3" type="cond" truecount="1" falsecount="0"/>
      <line num="4" count="3" type="cond" truecount="1" falsecount="0"/>
      <line num="5" count="1" type="stmt"/>
      <line num="6" count="1" type="stmt"/>
      <line num="7" count="1" type="cond" truecount="1" falsecount="0"/>
      <line num="8" count="1" type="cond" truecount="1" falsecount="0"/>
      <line num="9" count="1" type="cond" truecount="1" falsecount="0"/>
    </file>
  </project>
</coverage>
