{"/Users/sb/dev/repositories/testing/01-unit-testing/src/randomNumber.ts": {"path":"/Users/sb/dev/repositories/testing/01-unit-testing/src/randomNumber.ts","all":false,"statementMap":{"0":{"start":{"line":1,"column":0},"end":{"line":1,"column":46}},"1":{"start":{"line":2,"column":0},"end":{"line":2,"column":41}},"2":{"start":{"line":3,"column":0},"end":{"line":3,"column":1}}},"s":{"0":1,"1":11,"2":11},"branchMap":{"0":{"type":"branch","line":1,"loc":{"start":{"line":1,"column":45},"end":{"line":3,"column":1}},"locations":[{"start":{"line":1,"column":45},"end":{"line":3,"column":1}}]},"1":{"type":"branch","line":3,"loc":{"start":{"line":3,"column":0},"end":{"line":3,"column":1}},"locations":[{"start":{"line":3,"column":0},"end":{"line":3,"column":1}}]}},"b":{"0":[11],"1":[11]},"fnMap":{"0":{"name":"getRandomNumber","decl":{"start":{"line":1,"column":45},"end":{"line":3,"column":1}},"loc":{"start":{"line":1,"column":45},"end":{"line":3,"column":1}},"line":1},"1":{"name":"get","decl":{"start":{"line":3,"column":0},"end":{"line":3,"column":1}},"loc":{"start":{"line":3,"column":0},"end":{"line":3,"column":1}},"line":3}},"f":{"0":11,"1":11}}
,"/Users/sb/dev/repositories/testing/01-unit-testing/src/sum.ts": {"path":"/Users/sb/dev/repositories/testing/01-unit-testing/src/sum.ts","all":false,"statementMap":{"0":{"start":{"line":1,"column":0},"end":{"line":1,"column":41}},"1":{"start":{"line":2,"column":0},"end":{"line":2,"column":46}},"2":{"start":{"line":3,"column":0},"end":{"line":3,"column":50}},"3":{"start":{"line":4,"column":0},"end":{"line":4,"column":1}},"4":{"start":{"line":5,"column":0},"end":{"line":5,"column":0}},"5":{"start":{"line":6,"column":0},"end":{"line":6,"column":50}},"6":{"start":{"line":7,"column":0},"end":{"line":7,"column":68}},"7":{"start":{"line":8,"column":0},"end":{"line":8,"column":61}},"8":{"start":{"line":9,"column":0},"end":{"line":9,"column":1}}},"s":{"0":1,"1":1,"2":3,"3":3,"4":1,"5":1,"6":1,"7":1,"8":1},"branchMap":{"0":{"type":"branch","line":2,"loc":{"start":{"line":2,"column":45},"end":{"line":4,"column":1}},"locations":[{"start":{"line":2,"column":45},"end":{"line":4,"column":1}}]},"1":{"type":"branch","line":3,"loc":{"start":{"line":3,"column":23},"end":{"line":3,"column":48}},"locations":[{"start":{"line":3,"column":23},"end":{"line":3,"column":48}}]},"2":{"type":"branch","line":4,"loc":{"start":{"line":4,"column":0},"end":{"line":4,"column":1}},"locations":[{"start":{"line":4,"column":0},"end":{"line":4,"column":1}}]},"3":{"type":"branch","line":7,"loc":{"start":{"line":7,"column":19},"end":{"line":9,"column":1}},"locations":[{"start":{"line":7,"column":19},"end":{"line":9,"column":1}}]},"4":{"type":"branch","line":8,"loc":{"start":{"line":8,"column":23},"end":{"line":8,"column":48}},"locations":[{"start":{"line":8,"column":23},"end":{"line":8,"column":48}}]},"5":{"type":"branch","line":9,"loc":{"start":{"line":9,"column":0},"end":{"line":9,"column":1}},"locations":[{"start":{"line":9,"column":0},"end":{"line":9,"column":1}}]}},"b":{"0":[3],"1":[9],"2":[3],"3":[1],"4":[1],"5":[1]},"fnMap":{"0":{"name":"add","decl":{"start":{"line":2,"column":45},"end":{"line":4,"column":1}},"loc":{"start":{"line":2,"column":45},"end":{"line":4,"column":1}},"line":2},"1":{"name":"get","decl":{"start":{"line":4,"column":0},"end":{"line":4,"column":1}},"loc":{"start":{"line":4,"column":0},"end":{"line":4,"column":1}},"line":4},"2":{"name":"sub","decl":{"start":{"line":7,"column":19},"end":{"line":9,"column":1}},"loc":{"start":{"line":7,"column":19},"end":{"line":9,"column":1}},"line":7},"3":{"name":"get","decl":{"start":{"line":9,"column":0},"end":{"line":9,"column":1}},"loc":{"start":{"line":9,"column":0},"end":{"line":9,"column":1}},"line":9}},"f":{"0":3,"1":3,"2":1,"3":1}}
}
